<?xml version="1.0" encoding="UTF-8"?>
<testsuites name="jest tests" tests="3" failures="0" time="5.19">
  <testsuite name="src\App.test.js" errors="0" failures="0" skipped="0" timestamp="2021-05-16T05:43:22" time="2.905" tests="3">
    <testcase classname="-renders without crashing" name="-renders without crashing" time="0.033">
    </testcase>
    <testcase classname="Addition-knows that 2 and 2 make 4" name="Addition-knows that 2 and 2 make 4" time="0.002">
    </testcase>
    <testcase classname="-renders welcome message" name="-renders welcome message" time="0.024">
    </testcase>
  </testsuite>
</testsuites>